
3월 22, 2024 15:10:32.367 NEW SESSION
3월 22, 2024 15:10:32.367 INFO: Created TensorFlow Lite XNNPACK delegate for CPU.
3월 22, 2024 15:11:52.138 INFO: Created TensorFlow Lite XNNPACK delegate for CPU.
3월 22, 2024 15:59:13.788 [464:13048:0322/155913.787:ERROR:interface_endpoint_client.cc(707)] Message 1 rejected by interface blink.mojom.WidgetHost
3월 22, 2024 17:09:17.992 [464:12892:0322/170917.991:ERROR:cert_verify_proc_builtin.cc(874)] CertVerifyProcBuiltin for toplabor.co.kr failed:
3월 22, 2024 17:09:17.993 ----- Certificate i=0 (O=My Company Ltd,L=Newbury,ST=Berkshire,C=GB) -----
3월 22, 2024 17:09:17.993 ERROR: No matching issuer found
3월 22, 2024 17:09:17.993 
3월 22, 2024 17:09:17.993 

3월 25, 2024 11:10:53.884 NEW SESSION
3월 25, 2024 11:10:53.884 INFO: Created TensorFlow Lite XNNPACK delegate for CPU.
3월 25, 2024 11:59:37.107 [13720:10448:0325/115937.107:ERROR:interface_endpoint_client.cc(707)] Message 1 rejected by interface blink.mojom.WidgetHost
3월 25, 2024 11:59:37.107 [13720:10448:0325/115937.107:ERROR:interface_endpoint_client.cc(707)] Message 1 rejected by interface blink.mojom.WidgetHost
3월 25, 2024 12:06:12.85 [13720:15356:0325/120612.085:ERROR:cert_verify_proc_builtin.cc(874)] CertVerifyProcBuiltin for cookie-sync.api.soundcast.fm failed:
3월 25, 2024 12:06:12.85 ----- Certificate i=0 (CN=*.api.soundcast.fm) -----
3월 25, 2024 12:06:12.86 ERROR: Time is after notAfter
3월 25, 2024 12:06:12.86 
3월 25, 2024 12:06:12.86 
3월 25, 2024 13:10:04.206 [13720:11800:0325/131004.206:ERROR:connection_factory_impl.cc(478)] ConnectionHandler failed with net error: -2
3월 25, 2024 13:10:04.207 [13720:11800:0325/131004.206:ERROR:connection_factory_impl.cc(478)] ConnectionHandler failed with net error: -2
3월 25, 2024 13:44:56.60 [13720:11800:0325/134456.060:ERROR:connection_factory_impl.cc(434)] Failed to connect to MCS endpoint with error -106
3월 25, 2024 13:44:56.83 [13720:11800:0325/134456.060:ERROR:connection_factory_impl.cc(434)] Failed to connect to MCS endpoint with error -106
3월 25, 2024 14:41:34.687 [13720:10448:0325/144134.686:ERROR:CONSOLE(1)] "Request Network.loadNetworkResource failed. {"code":-32602,"message":"Frame not found"}", source: devtools://devtools/bundled/devtools-frontend/front_end/core/protocol_client/protocol_client.js (1)
3월 25, 2024 14:41:34.687 [13720:10448:0325/144134.687:ERROR:CONSOLE(1)] "Request Network.loadNetworkResource failed. {"code":-32602,"message":"Frame not found"}", source: devtools://devtools/bundled/devtools-frontend/front_end/core/protocol_client/protocol_client.js (1)
3월 25, 2024 14:41:34.692 [13720:10448:0325/144134.692:ERROR:CONSOLE(1)] "Request Network.loadNetworkResource failed. {"code":-32602,"message":"Unsupported URL scheme"}", source: devtools://devtools/bundled/devtools-frontend/front_end/core/protocol_client/protocol_client.js (1)
3월 25, 2024 14:44:27.465 [13720:10448:0325/144427.465:ERROR:interface_endpoint_client.cc(707)] Message 0 rejected by interface blink.mojom.WidgetHost
3월 25, 2024 16:41:35.105 [13720:10448:0325/164135.105:ERROR:page_load_metrics_update_dispatcher.cc(179)] Invalid first_paint (unset) for first_image_paint 0.159 s
